make all --print-data-base --no-builtin-variables --no-builtin-rules --question
# GNU Make 4.2.1
# Built for x86_64-pc-linux-gnu
# Copyright (C) 1988-2016 Free Software Foundation, Inc.
# License GPLv3+: GNU GPL version 3 or later <http://gnu.org/licenses/gpl.html>
# This is free software: you are free to change and redistribute it.
# There is NO WARRANTY, to the extent permitted by law.

# Make data base, printed on Mon Jun 28 23:35:33 2021

# Variables

# 'override' directive
GNUMAKEFLAGS := 
# automatic
<D = $(patsubst %/,%,$(dir $<))
# makefile (from 'Makefile', line 54)
PREFIX = arm-none-eabi
# automatic
?F = $(notdir $?)
# environment
DESKTOP_SESSION = ubuntu
# default
.SHELLFLAGS := -c
# environment
XDG_SESSION_CLASS = user
# environment
SNAP_COMMON = /var/snap/code/common
# environment
XDG_SESSION_TYPE = x11
# environment
VSCODE_LOG_NATIVE = false
# automatic
?D = $(patsubst %/,%,$(dir $?))
# environment
IM_CONFIG_PHASE = 1
# makefile (from 'Makefile', line 48)
INCLUDES = $(INC_CORE) $(INC_HAL) $(INC_LIB) $(INC_RTOS_CORE) $(INC_RTOS_PORT) $(INC_CONF)
# makefile (from 'Makefile', line 7)
OPENOCD_SCRIPT_DIR = /usr/share/openocd/scripts
# automatic
@D = $(patsubst %/,%,$(dir $@))
# environment
XAUTHORITY = /run/user/1000/gdm/Xauthority
# environment
GDMSESSION = ubuntu
# environment
XMODIFIERS = @im=ibus
# makefile
CURDIR := /home/optim/stm32/projects/meteo_mini
# makefile
SHELL = /bin/sh
# makefile (from 'Makefile', line 61)
NM = $(PREFIX)-nm
# environment
SNAP_DATA = /var/snap/code/67
# environment
VSCODE_NLS_CONFIG = {"locale":"en-us","availableLanguages":{},"_languagePackSupport":true}
# environment
JOURNAL_STREAM = 8:37450
# makefile (from 'Makefile', line 81)
CFLAGS = -Wall -Wextra $(DEFINES) $(MCUFLAGS) $(DEBUG_OPTIMIZE_FLAGS) $(CFLAGS_EXTRA) $(INCLUDES)
# environment
XDG_CONFIG_DIRS = /etc/xdg/xdg-ubuntu:/etc/xdg
# environment
QSYS_ROOTDIR = /home/optim/FPGA/quartus_20.1/quartus/sopc_builder/bin
# environment
SNAP_INSTANCE_NAME = code
# environment
SNAP_ARCH = amd64
# makefile (from 'Makefile', line 4)
OUTPATH = build
# makefile (from 'Makefile', line 1)
MAKEFILE_LIST :=  Makefile
# automatic
@F = $(notdir $@)
# environment
GIO_LAUNCHED_DESKTOP_FILE = /var/lib/snapd/desktop/applications/code_code.desktop
# environment
USERNAME = optim
# makefile (from 'Makefile', line 32)
SOURCES = $(SOURCES_S) $(SOURCES_C) $(SOURCES_CXX)
# makefile (from 'Makefile', line 82)
CXXFLAGS = $(DEFINES) $(MCUFLAGS) $(DEBUG_OPTIMIZE_FLAGS) $(INCLUDES) -std=c++17
# environment
MAKELEVEL := 0
# environment
MANDATORY_PATH = /usr/share/gconf/ubuntu.mandatory.path
# environment
XDG_DATA_DIRS = /usr/share/ubuntu:/usr/local/share/:/usr/share/:/var/lib/snapd/desktop
# environment
DBUS_SESSION_BUS_ADDRESS = unix:path=/run/user/1000/bus
# environment
VSCODE_VERBOSE_LOGGING = true
# makefile (from 'Makefile', line 58)
AS = $(PREFIX)-as
# environment
_ = /snap/code/67/usr/share/code/code
# makefile (from 'Makefile', line 33)
OBJS = $(SOURCES_S:.s=.o) $(SOURCES_C:.c=.o) $(SOURCES_CXX:.cpp=.o)
# environment
MANAGERPID = 1032
 
# environment
LESSOPEN = | /usr/bin/lesspipe %s
# environment
LC_NAME = ru_RU.UTF-8
# environment
VSCODE_CWD = /home/optim
# environment
GSETTINGS_SCHEMA_DIR = /snap/code/67/usr/share/glib-2.0/schemas
# default
MAKE_HOST := x86_64-pc-linux-gnu
# environment
PATH = /home/optim/.local/bin:/home/optim/bin:/home/optim/.local/bin:/home/optim/bin:/usr/local/sbin:/usr/local/bin:/usr/sbin:/usr/bin:/sbin:/bin:/usr/games:/usr/local/games:/snap/bin:/usr/local/share/gcc-arm-none-eabi-10-2020-q4-major/bin/:/home/optim/.espressif/tools/xtensa-esp32-elf/esp-2020r3-8.4.0/xtensa-esp32-elf/bin/:/home/optim/clion-2021.1.2/bin/:/home/optim/stm32/STM32CubeMX/
# makefile (from 'Makefile', line 60)
LD = $(PREFIX)-gcc
# environment
GPG_AGENT_INFO = /run/user/1000/gnupg/S.gpg-agent:0:1
# environment
SESSION_MANAGER = local/optim-Super-Power:@/tmp/.ICE-unix/1371,unix/optim-Super-Power:/tmp/.ICE-unix/1371
# environment
XDG_RUNTIME_DIR = /run/user/1000
# environment
GDK_PIXBUF_MODULE_FILE = /home/optim/snap/code/common/.cache/gdk-pixbuf-loaders.cache
# makefile (from 'Makefile', line 37)
INC_CORE = -Imcu/$(MCU)/core
# makefile (from 'Makefile', line 5)
PROJECT = $(OUTPATH)/electric_load
# environment
SNAP = /snap/code/67
# makefile (from 'Makefile', line 42)
INC_CONF = -Iconf
# makefile (from 'Makefile', line 68)
OPENOCD = openocd
# environment
SNAP_VERSION = 507ce72a
# environment
KICAD_PATH = /usr/share/kicad
# makefile (from 'Makefile', line 59)
AR = $(PREFIX)-ar
# environment
XDG_MENU_PREFIX = gnome-
# environment
VSCODE_LOG_STACK = false
# environment
DISABLE_WAYLAND = 1
# environment
VSCODE_CRASH_REPORTER_START_OPTIONS = {"companyName":"Microsoft","productName":"VSCode","submitURL":"appcenter://code?aid=fba07a4d-84bd-4fc8-a125-9640fc8ce171&uid=5df4f9ad-f6be-4856-ad08-b95f447cde66&iid=5df4f9ad-f6be-4856-ad08-b95f447cde66&sid=5df4f9ad-f6be-4856-ad08-b95f447cde66","uploadToServer":true}
# environment
INVOCATION_ID = 53fa8f6180764e5c9eaaeb650b55cb4b
# makefile (from 'Makefile', line 84)
LDFLAGS = -specs=nano.specs -specs=nosys.specs -static $(MCUFLAGS) -Wl,--start-group -lgcc -lc -lg -Wl,--end-group -Wl,--gc-sections -T mcu/$(MCU)/core/STM32F103XB_FLASH.ld
# environment
GDK_PIXBUF_MODULEDIR = /snap/code/67/usr/lib/x86_64-linux-gnu/gdk-pixbuf-2.0/2.10.0/loaders
# default
.FEATURES := target-specific order-only second-expansion else-if shortest-stem undefine oneshell archives jobserver output-sync check-symlink load
# environment
LS_COLORS = 
# environment
XDG_SESSION_DESKTOP = ubuntu
# environment
SSH_AUTH_SOCK = /run/user/1000/keyring/ssh
# environment
GIO_LAUNCHED_DESKTOP_FILE_PID = 3722
# makefile (from 'Makefile', line 65)
SIZE = $(PREFIX)-size
# automatic
%F = $(notdir $%)
# environment
DISPLAY = :0
# makefile (from 'Makefile', line 114)
OPENOCD_P = 3333
# environment
VSCODE_PIPE_LOGGING = true
# environment
SNAP_INSTANCE_KEY = 
# environment
PWD = /home/optim/stm32/projects/meteo_mini
# default
.LOADED := 
# makefile (from 'Makefile', line 38)
INC_HAL = -Imcu/$(MCU)/hal/inc
# environment
SSH_AGENT_PID = 1336
# environment
ORIGINAL_XDG_CURRENT_DESKTOP = ubuntu:GNOME
# environment
GTK_MODULES = gail:atk-bridge
# environment
VSCODE_AMD_ENTRYPOINT = vs/workbench/services/extensions/node/extensionHostProcess
# environment
HOME = /home/optim
# environment
LESSCLOSE = /usr/bin/lesspipe %s %s
# environment
VSCODE_CLI = 1
# makefile (from 'Makefile', line 50)
DEFINES = -DSTM32 -DSTM32F1 -DSTM32F103xB -DHEAP_SIZE=$(HEAP_SIZE)
# makefile (from 'Makefile', line 15)
SOURCES_C_CORE = $(wildcard mcu/$(MCU)/core/*.c)
# environment
LOGNAME = optim
# environment
APPLICATION_INSIGHTS_NO_DIAGNOSTIC_CHANNEL = true
# environment
SNAP_LIBRARY_PATH = /var/lib/snapd/lib/gl:/var/lib/snapd/lib/gl32:/var/lib/snapd/void
# environment
SNAP_CONTEXT = MP4NnEvI-4FO69kHYqC36kz8TnVMYEfZEOhZjUF1R-TBcW4T9Uwv
# automatic
+F = $(notdir $+)
# environment
ELECTRON_NO_ATTACH_CONSOLE = 1
# environment
SNAP_USER_COMMON = /home/optim/snap/code/common
# environment
VSCODE_HANDLES_UNCAUGHT_ERRORS = true
# environment
GNOME_DESKTOP_SESSION_ID = this-is-deprecated
# automatic
^D = $(patsubst %/,%,$(dir $^))
# makefile (from 'Makefile', line 119)
GDB_P = 4242
# environment
LC_TIME = ru_RU.UTF-8
# environment
SNAP_REAL_HOME = /home/optim
# makefile (from 'Makefile', line 40)
INC_RTOS_CORE = -Ifreertos/core/inc 
# default
MAKE = $(MAKE_COMMAND)
# default
MAKECMDGOALS := all
# environment
QT_IM_MODULE = ibus
# makefile (from 'Makefile', line 75)
DEBUG_OPTIMIZE_FLAGS = -O0 -ggdb -gdwarf-2
# makefile (from 'Makefile', line 8)
HEAP_SIZE = 0x400
# environment
SNAP_USER_DATA = /home/optim/snap/code/67
# environment
SHLVL = 0
# makefile (from 'Makefile', line 56)
CC = $(PREFIX)-gcc
# environment
GNOME_SHELL_SESSION_MODE = ubuntu
# environment
ADF_PATH = /home/optim/esp32/esp-adf
# environment
VSCODE_IPC_HOOK_EXTHOST = /run/user/1000/vscode-ipc-23b50f39-0f90-4412-9ca4-9a04431be3f2.sock
# makefile (from 'Makefile', line 21)
SOURCES_CXX_USR = $(wildcard usr/*.cpp)
# default
MAKE_VERSION := 4.2.1
# environment
USER = optim
# environment
SNAP_REVISION = 67
# makefile (from 'Makefile', line 78)
CFLAGS_EXTRA = -nostartfiles -nodefaultlibs -nostdlib -fdata-sections -ffunction-sections
# environment
LC_MONETARY = ru_RU.UTF-8
# makefile
.DEFAULT_GOAL := all
# environment
XDG_CURRENT_DESKTOP = Unity
# makefile (from 'Makefile', line 41)
INC_RTOS_PORT = -Ifreertos/port/$(MCU)
# automatic
%D = $(patsubst %/,%,$(dir $%))
# environment
LC_TELEPHONE = ru_RU.UTF-8
# makefile (from 'Makefile', line 30)
SOURCES_CXX = $(wildcard *.cpp) $(SOURCES_CXX_USR)
# makefile (from 'Makefile', line 19)
SOURCES_C_HEAP = freertos/MemMang/heap_1.c
# makefile (from 'Makefile', line 64)
READELF = $(PREFIX)-readelf
# default
MAKE_COMMAND := make
# environment
VSCODE_NODE_CACHED_DATA_DIR = /home/optim/.config/Code/CachedData/507ce72a4466fbb27b715c3722558bb15afa9f48
# default
.VARIABLES := 
# automatic
*F = $(notdir $*)
# environment
VSCODE_IPC_HOOK = /run/user/1000/vscode-25ca16da-1.57.1-main.sock
# environment
BAMF_DESKTOP_FILE_HINT = /var/lib/snapd/desktop/applications/code_code.desktop
# makefile (from 'Makefile', line 67)
RM = rm -f
# makefile
MAKEFLAGS = pqrR
# environment
MFLAGS = -pqrR
# automatic
*D = $(patsubst %/,%,$(dir $*))
# environment
BREAKPAD_DUMP_LOCATION = /home/optim/.config/Code/exthost Crash Reports
# environment
IDF_PATH = /home/optim/esp32/esp-idf
# automatic
+D = $(patsubst %/,%,$(dir $+))
# makefile (from 'Makefile', line 63)
OBJDUMP = $(PREFIX)-objdump
# environment
GDK_BACKEND = x11
# environment
LC_PAPER = ru_RU.UTF-8
# makefile (from 'Makefile', line 17)
SOURCES_C_RTOS_CORE = $(wildcard freertos/core/src/*.c)
# environment
LC_IDENTIFICATION = ru_RU.UTF-8
# environment
QT_ACCESSIBILITY = 1
# makefile (from 'Makefile', line 6)
MCU = stm32f103c8t6
# makefile (from 'Makefile', line 16)
SOURCES_C_HAL = $(wildcard mcu/$(MCU)/hal/src/*.c)
# environment
DEFAULTS_PATH = /usr/share/gconf/ubuntu.default.path
# default
MAKEFILES := 
# environment
SNAP_COOKIE = MP4NnEvI-4FO69kHYqC36kz8TnVMYEfZEOhZjUF1R-TBcW4T9Uwv
# environment
LC_NUMERIC = ru_RU.UTF-8
# automatic
<F = $(notdir $<)
# environment
ELECTRON_RUN_AS_NODE = 1
# makefile (from 'Makefile', line 57)
CXX = $(PREFIX)-g++
# environment
LC_MEASUREMENT = ru_RU.UTF-8
# environment
SNAP_NAME = code
# makefile (from 'Makefile', line 18)
SOURCES_C_RTOS_PORT = $(wildcard freertos/port/$(MCU)/*.c)
# environment
LC_ALL = C
# makefile (from 'Makefile', line 66)
GDB = $(PREFIX)-gdb
# environment
GJS_DEBUG_TOPICS = JS ERROR;JS LOG
# makefile (from 'Makefile', line 27)
SOURCES_C = $(SOURCES_C_CORE) $(SOURCES_C_HAL) $(SOURCES_C_RTOS_CORE) $(SOURCES_C_RTOS_PORT) $(SOURCES_C_HEAP)
# automatic
^F = $(notdir $^)
# makefile (from 'Makefile', line 62)
OBJCOPY = $(PREFIX)-objcopy
# makefile (from 'Makefile', line 13)
SOURCES_S = $(wildcard mcu/$(MCU)/core/*.s)
# default
SUFFIXES := 
# environment
SNAP_REEXEC = 
# environment
KIGITHUB = https://github.com/KiCad
# environment
CHROME_DESKTOP = code-url-handler.desktop
# makefile (from 'Makefile', line 72)
MCUFLAGS = -mcpu=cortex-m3 -mlittle-endian -mfloat-abi=soft -mthumb -mno-unaligned-access
# environment
WINDOWPATH = 2
# default
.INCLUDE_DIRS = /usr/include /usr/local/include /usr/include
# environment
GJS_DEBUG_OUTPUT = stderr
# default
.RECIPEPREFIX := 
# environment
LC_ADDRESS = ru_RU.UTF-8
# makefile (from 'Makefile', line 39)
INC_LIB = -Iusr
# environment
LANG = C
 
# environment
VSCODE_PID = 3765
# variable set hash-table stats:
# Load=184/1024=18%, Rehash=0, Collisions=37/265=14%

# Pattern-specific Variable Values

# No pattern-specific variable values.

# Directories

# . (device 2071, inode 2761969): 12 files, no impossibilities.
# freertos/core/src (device 2071, inode 2900121): 7 files, no impossibilities.
# mcu/stm32f103c8t6/core (device 2071, inode 2802504): 14 files, no impossibilities.
# mcu/stm32f103c8t6/hal/src (device 2071, inode 2802508): 61 files, no impossibilities.
# freertos/port/stm32f103c8t6 (device 2071, inode 2900123): 4 files, no impossibilities.
# usr (device 2071, inode 2891486): 2 files, no impossibilities.

# 100 files, no impossibilities in 6 directories.

# Implicit Rules

%.elf:
#  recipe to execute (from 'Makefile', line 127):
	$(LD) $(OBJS) $(LDFLAGS) -o $@
	$(SIZE) -A $@

%.bin: %.elf
#  recipe to execute (from 'Makefile', line 131):
	$(OBJCOPY) -O binary $< $@

%.asm: %.elf
#  recipe to execute (from 'Makefile', line 134):
	$(OBJDUMP) -dwh $< > $@

# 3 implicit rules, 0 (0.0%) terminal.

# Files

# Not a target:
mcu/stm32f103c8t6/hal/src/stm32f1xx_ll_usart.o:
#  Implicit rule search has not been done.
#  Modification time never checked.
#  File has not been updated.

# Not a target:
freertos/port/stm32f103c8t6/port.o:
#  Implicit rule search has not been done.
#  Modification time never checked.
#  File has not been updated.

# Not a target:
mcu/stm32f103c8t6/hal/src/stm32f1xx_ll_i2c.o:
#  Implicit rule search has not been done.
#  Modification time never checked.
#  File has not been updated.

# Not a target:
mcu/stm32f103c8t6/hal/src/stm32f1xx_hal_uart.o:
#  Implicit rule search has not been done.
#  Modification time never checked.
#  File has not been updated.

# Not a target:
mcu/stm32f103c8t6/core/system_stm32f1xx.o:
#  Implicit rule search has not been done.
#  Modification time never checked.
#  File has not been updated.

# Not a target:
freertos/MemMang/heap_1.o:
#  Implicit rule search has not been done.
#  Modification time never checked.
#  File has not been updated.

gdb-server-ocd:
#  Implicit rule search has not been done.
#  Modification time never checked.
#  File has not been updated.
#  recipe to execute (from 'Makefile', line 109):
	$(OPENOCD) -f $(OPENOCD_SCRIPT_DIR)/board/bluepill.cfg

# Not a target:
mcu/stm32f103c8t6/hal/src/stm32f1xx_hal_smartcard.o:
#  Implicit rule search has not been done.
#  Modification time never checked.
#  File has not been updated.

erase:
#  Phony target (prerequisite of .PHONY).
#  Implicit rule search has not been done.
#  File does not exist.
#  File has not been updated.
#  recipe to execute (from 'Makefile', line 106):
	st-flash erase

# Not a target:
mcu/stm32f103c8t6/hal/src/stm32f1xx_ll_usb.o:
#  Implicit rule search has not been done.
#  Modification time never checked.
#  File has not been updated.

# Not a target:
mcu/stm32f103c8t6/hal/src/stm32f1xx_hal_dac_ex.o:
#  Implicit rule search has not been done.
#  Modification time never checked.
#  File has not been updated.

all: dirs build/electric_load.bin build/electric_load.asm
#  Phony target (prerequisite of .PHONY).
#  Command line target.
#  Implicit rule search has not been done.
#  File does not exist.
#  File has been updated.
#  Needs to be updated (-q is set).
# variable set hash-table stats:
# Load=0/32=0%, Rehash=0, Collisions=0/4=0%

gdb-openocd: build/electric_load.elf
#  Implicit rule search has not been done.
#  Modification time never checked.
#  File has not been updated.
#  recipe to execute (from 'Makefile', line 116):
	$(GDB) --eval-command="target extended-remote localhost:$(OPENOCD_P)" \
           --eval-command="load" $(PROJECT).elf

# Not a target:
mcu/stm32f103c8t6/hal/src/stm32f1xx_hal_nor.o:
#  Implicit rule search has not been done.
#  Modification time never checked.
#  File has not been updated.

# Not a target:
mcu/stm32f103c8t6/hal/src/stm32f1xx_hal_dac.o:
#  Implicit rule search has not been done.
#  Modification time never checked.
#  File has not been updated.

# Not a target:
mcu/stm32f103c8t6/hal/src/stm32f1xx_ll_sdmmc.o:
#  Implicit rule search has not been done.
#  Modification time never checked.
#  File has not been updated.

.PHONY: dirs all clean flash erase
#  Implicit rule search has not been done.
#  Modification time never checked.
#  File has not been updated.

# Not a target:
mcu/stm32f103c8t6/hal/src/stm32f1xx_hal_adc.o:
#  Implicit rule search has not been done.
#  Modification time never checked.
#  File has not been updated.

# Not a target:
mcu/stm32f103c8t6/hal/src/stm32f1xx_hal_tim.o:
#  Implicit rule search has not been done.
#  Modification time never checked.
#  File has not been updated.

# Not a target:
mcu/stm32f103c8t6/hal/src/stm32f1xx_hal_pcd.o:
#  Implicit rule search has not been done.
#  Modification time never checked.
#  File has not been updated.

# Not a target:
mcu/stm32f103c8t6/hal/src/stm32f1xx_ll_adc.o:
#  Implicit rule search has not been done.
#  Modification time never checked.
#  File has not been updated.

# Not a target:
mcu/stm32f103c8t6/hal/src/stm32f1xx_ll_tim.o:
#  Implicit rule search has not been done.
#  Modification time never checked.
#  File has not been updated.

# Not a target:
mcu/stm32f103c8t6/hal/src/stm32f1xx_hal_sd.o:
#  Implicit rule search has not been done.
#  Modification time never checked.
#  File has not been updated.

# Not a target:
mcu/stm32f103c8t6/hal/src/stm32f1xx_hal_eth.o:
#  Implicit rule search has not been done.
#  Modification time never checked.
#  File has not been updated.

# Not a target:
mcu/stm32f103c8t6/hal/src/stm32f1xx_hal_pwr.o:
#  Implicit rule search has not been done.
#  Modification time never checked.
#  File has not been updated.

# Not a target:
.SUFFIXES:
#  Implicit rule search has not been done.
#  Modification time never checked.
#  File has not been updated.

# Not a target:
Makefile:
#  Implicit rule search has been done.
#  Last modified 2021-06-17 09:49:14.640356
#  File has been updated.
#  Successfully updated.

# Not a target:
mcu/stm32f103c8t6/hal/src/stm32f1xx_ll_pwr.o:
#  Implicit rule search has not been done.
#  Modification time never checked.
#  File has not been updated.

build/electric_load.elf: mcu/stm32f103c8t6/core/startup_stm32f103xb.o mcu/stm32f103c8t6/core/system_stm32f1xx.o mcu/stm32f103c8t6/hal/src/stm32f1xx_hal_cec.o mcu/stm32f103c8t6/hal/src/stm32f1xx_hal_sd.o mcu/stm32f103c8t6/hal/src/stm32f1xx_hal_can.o mcu/stm32f103c8t6/hal/src/stm32f1xx_hal_rcc.o mcu/stm32f103c8t6/hal/src/stm32f1xx_hal_rtc.o mcu/stm32f103c8t6/hal/src/stm32f1xx_ll_tim.o mcu/stm32f103c8t6/hal/src/stm32f1xx_ll_adc.o mcu/stm32f103c8t6/hal/src/stm32f1xx_hal_rtc_ex.o mcu/stm32f103c8t6/hal/src/stm32f1xx_ll_spi.o mcu/stm32f103c8t6/hal/src/stm32f1xx_ll_gpio.o mcu/stm32f103c8t6/hal/src/stm32f1xx_ll_rcc.o mcu/stm32f103c8t6/hal/src/stm32f1xx_hal_crc.o mcu/stm32f103c8t6/hal/src/stm32f1xx_hal_tim.o mcu/stm32f103c8t6/hal/src/stm32f1xx_hal_usart.o mcu/stm32f103c8t6/hal/src/stm32f1xx_hal_dac_ex.o mcu/stm32f103c8t6/hal/src/stm32f1xx_ll_exti.o mcu/stm32f103c8t6/hal/src/stm32f1xx_hal_pcd.o mcu/stm32f103c8t6/hal/src/stm32f1xx_hal_sram.o mcu/stm32f103c8t6/hal/src/stm32f1xx_ll_sdmmc.o mcu/stm32f103c8t6/hal/src/stm32f1xx_hal_irda.o mcu/stm32f103c8t6/hal/src/stm32f1xx_hal_wwdg.o mcu/stm32f103c8t6/hal/src/stm32f1xx_ll_fsmc.o mcu/stm32f103c8t6/hal/src/stm32f1xx_ll_usb.o mcu/stm32f103c8t6/hal/src/stm32f1xx_ll_pwr.o mcu/stm32f103c8t6/hal/src/stm32f1xx_hal.o mcu/stm32f103c8t6/hal/src/stm32f1xx_hal_flash.o mcu/stm32f103c8t6/hal/src/stm32f1xx_ll_dma.o mcu/stm32f103c8t6/hal/src/stm32f1xx_hal_iwdg.o mcu/stm32f103c8t6/hal/src/stm32f1xx_hal_pcd_ex.o mcu/stm32f103c8t6/hal/src/stm32f1xx_hal_adc.o mcu/stm32f103c8t6/hal/src/stm32f1xx_ll_rtc.o mcu/stm32f103c8t6/hal/src/stm32f1xx_hal_spi.o mcu/stm32f103c8t6/hal/src/stm32f1xx_hal_mmc.o mcu/stm32f103c8t6/hal/src/stm32f1xx_hal_gpio.o mcu/stm32f103c8t6/hal/src/stm32f1xx_hal_hcd.o mcu/stm32f103c8t6/hal/src/stm32f1xx_ll_utils.o mcu/stm32f103c8t6/hal/src/stm32f1xx_ll_i2c.o mcu/stm32f103c8t6/hal/src/stm32f1xx_hal_nand.o mcu/stm32f103c8t6/hal/src/stm32f1xx_hal_pccard.o mcu/stm32f103c8t6/hal/src/stm32f1xx_hal_exti.o mcu/stm32f103c8t6/hal/src/stm32f1xx_hal_rcc_ex.o mcu/stm32f103c8t6/hal/src/stm32f1xx_hal_cortex.o mcu/stm32f103c8t6/hal/src/stm32f1xx_hal_i2c.o mcu/stm32f103c8t6/hal/src/stm32f1xx_hal_tim_ex.o mcu/stm32f103c8t6/hal/src/stm32f1xx_hal_adc_ex.o mcu/stm32f103c8t6/hal/src/stm32f1xx_ll_dac.o mcu/stm32f103c8t6/hal/src/stm32f1xx_hal_smartcard.o mcu/stm32f103c8t6/hal/src/stm32f1xx_hal_dma.o mcu/stm32f103c8t6/hal/src/stm32f1xx_hal_uart.o mcu/stm32f103c8t6/hal/src/stm32f1xx_hal_flash_ex.o mcu/stm32f103c8t6/hal/src/stm32f1xx_ll_crc.o mcu/stm32f103c8t6/hal/src/stm32f1xx_ll_usart.o mcu/stm32f103c8t6/hal/src/stm32f1xx_hal_dac.o mcu/stm32f103c8t6/hal/src/stm32f1xx_hal_gpio_ex.o mcu/stm32f103c8t6/hal/src/stm32f1xx_hal_nor.o mcu/stm32f103c8t6/hal/src/stm32f1xx_hal_pwr.o mcu/stm32f103c8t6/hal/src/stm32f1xx_hal_i2s.o mcu/stm32f103c8t6/hal/src/stm32f1xx_hal_eth.o freertos/core/src/queue.o freertos/core/src/croutine.o freertos/core/src/list.o freertos/core/src/tasks.o freertos/core/src/timers.o freertos/port/stm32f103c8t6/port.o freertos/MemMang/heap_1.o main.o
#  Implicit rule search has not been done.
#  Modification time never checked.
#  File has not been updated.

# Not a target:
mcu/stm32f103c8t6/hal/src/stm32f1xx_hal_cec.o:
#  Implicit rule search has not been done.
#  Modification time never checked.
#  File has not been updated.

# Not a target:
mcu/stm32f103c8t6/hal/src/stm32f1xx_ll_fsmc.o:
#  Implicit rule search has not been done.
#  Modification time never checked.
#  File has not been updated.

build:
#  Implicit rule search has not been done.
#  Implicit/static pattern stem: ''
#  File does not exist.
#  File has been updated.
#  Needs to be updated (-q is set).
# automatic
# @ := build
# automatic
# % := 
# automatic
# * := 
# automatic
# + := 
# automatic
# | := 
# automatic
# < := 
# automatic
# ^ := 
# automatic
# ? := 
# variable set hash-table stats:
# Load=8/32=25%, Rehash=0, Collisions=2/12=17%
#  recipe to execute (from 'Makefile', line 94):
	mkdir -p ${OUTPATH}

# Not a target:
mcu/stm32f103c8t6/hal/src/stm32f1xx_ll_utils.o:
#  Implicit rule search has not been done.
#  Modification time never checked.
#  File has not been updated.

# Not a target:
mcu/stm32f103c8t6/hal/src/stm32f1xx_hal_dma.o:
#  Implicit rule search has not been done.
#  Modification time never checked.
#  File has not been updated.

# Not a target:
build/electric_load.asm:
 
#  Implicit rule search has not been done.
#  Modification time never checked.
#  File has not been updated.

# Not a target:
mcu/stm32f103c8t6/hal/src/stm32f1xx_hal_adc_ex.o:
#  Implicit rule search has not been done.
#  Modification time never checked.
#  File has not been updated.

# Not a target:
mcu/stm32f103c8t6/hal/src/stm32f1xx_hal_tim_ex.o:
#  Implicit rule search has not been done.
#  Modification time never checked.
#  File has not been updated.

dirs: build
#  Phony target (prerequisite of .PHONY).
#  Implicit rule search has not been done.
#  File does not exist.
#  File has been updated.
#  Needs to be updated (-q is set).
# variable set hash-table stats:
# Load=0/32=0%, Rehash=0, Collisions=0/4=0%

# Not a target:
mcu/stm32f103c8t6/hal/src/stm32f1xx_hal_pcd_ex.o:
#  Implicit rule search has not been done.
#  Modification time never checked.
#  File has not been updated.

# Not a target:
freertos/core/src/queue.o:
#  Implicit rule search has not been done.
#  Modification time never checked.
#  File has not been updated.

# Not a target:
mcu/stm32f103c8t6/hal/src/stm32f1xx_ll_dma.o:
#  Implicit rule search has not been done.
#  Modification time never checked.
#  File has not been updated.

gdb-st-util: build/electric_load.elf
#  Implicit rule search has not been done.
#  Modification time never checked.
#  File has not been updated.
#  recipe to execute (from 'Makefile', line 121):
	$(GDB) --eval-command="target extended-remote localhost:$(GDB_P)" \
           --eval-command="load" $(PROJECT).elf

# Not a target:
mcu/stm32f103c8t6/core/startup_stm32f103xb.o:
#  Implicit rule search has not been done.
#  Modification time never checked.
#  File has not been updated.

# Not a target:
mcu/stm32f103c8t6/hal/src/stm32f1xx_hal_cortex.o:
#  Implicit rule search has not been done.
#  Modification time never checked.
#  File has not been updated.

# Not a target:
mcu/stm32f103c8t6/hal/src/stm32f1xx_ll_dac.o:
#  Implicit rule search has not been done.
#  Modification time never checked.
#  File has not been updated.

# Not a target:
mcu/stm32f103c8t6/hal/src/stm32f1xx_hal_i2s.o:
#  Implicit rule search has not been done.
#  Modification time never checked.
#  File has not been updated.

# Not a target:
mcu/stm32f103c8t6/hal/src/stm32f1xx_hal_mmc.o:
#  Implicit rule search has not been done.
#  Modification time never checked.
#  File has not been updated.

# Not a target:
mcu/stm32f103c8t6/hal/src/stm32f1xx_hal_spi.o:
#  Implicit rule search has not been done.
#  Modification time never checked.
#  File has not been updated.

# Not a target:
mcu/stm32f103c8t6/hal/src/stm32f1xx_hal_flash_ex.o:
#  Implicit rule search has not been done.
#  Modification time never checked.
#  File has not been updated.

# Not a target:
mcu/stm32f103c8t6/hal/src/stm32f1xx_hal_irda.o:
#  Implicit rule search has not been done.
#  Modification time never checked.
#  File has not been updated.

# Not a target:
mcu/stm32f103c8t6/hal/src/stm32f1xx_ll_spi.o:
#  Implicit rule search has not been done.
#  Modification time never checked.
#  File has not been updated.

# Not a target:
.DEFAULT:
#  Implicit rule search has not been done.
#  Modification time never checked.
#  File has not been updated.

# Not a target:
mcu/stm32f103c8t6/hal/src/stm32f1xx_hal_nand.o:
#  Implicit rule search has not been done.
#  Modification time never checked.
#  File has not been updated.

# Not a target:
mcu/stm32f103c8t6/hal/src/stm32f1xx_hal_can.o:
#  Implicit rule search has not been done.
#  Modification time never checked.
#  File has not been updated.

# Not a target:
mcu/stm32f103c8t6/hal/src/stm32f1xx_hal_gpio.o:
#  Implicit rule search has not been done.
#  Modification time never checked.
#  File has not been updated.

# Not a target:
mcu/stm32f103c8t6/hal/src/stm32f1xx_hal_iwdg.o:
#  Implicit rule search has not been done.
#  Modification time never checked.
#  File has not been updated.

clean:
#  Phony target (prerequisite of .PHONY).
#  Implicit rule search has not been done.
#  File does not exist.
#  File has not been updated.
#  recipe to execute (from 'Makefile', line 97):
	$(RM) $(OBJS) $(PROJECT).elf $(PROJECT).bin $(PROJECT).asm
	rm -rf ${OUTPATH}

# Not a target:
mcu/stm32f103c8t6/hal/src/stm32f1xx_hal.o:
#  Implicit rule search has not been done.
#  Modification time never checked.
#  File has not been updated.

# Not a target:
mcu/stm32f103c8t6/hal/src/stm32f1xx_hal_crc.o:
#  Implicit rule search has not been done.
#  Modification time never checked.
#  File has not been updated.

# Not a target:
mcu/stm32f103c8t6/hal/src/stm32f1xx_ll_gpio.o:
#  Implicit rule search has not been done.
#  Modification time never checked.
#  File has not been updated.

# Not a target:
build/electric_load.bin:
#  Implicit rule search has not been done.
#  Modification time never checked.
#  File has not been updated.

# Not a target:
mcu/stm32f103c8t6/hal/src/stm32f1xx_hal_rcc.o:
#  Implicit rule search has not been done.
#  Modification time never checked.
#  File has not been updated.

# Not a target:
mcu/stm32f103c8t6/hal/src/stm32f1xx_hal_sram.o:
#  Implicit rule search has not been done.
#  Modification time never checked.
#  File has not been updated.

# Not a target:
mcu/stm32f103c8t6/hal/src/stm32f1xx_hal_rtc.o:
#  Implicit rule search has not been done.
#  Modification time never checked.
#  File has not been updated.

# Not a target:
mcu/stm32f103c8t6/hal/src/stm32f1xx_ll_crc.o:
#  Implicit rule search has not been done.
#  Modification time never checked.
#  File has not been updated.

# Not a target:
freertos/core/src/timers.o:
#  Implicit rule search has not been done.
#  Modification time never checked.
#  File has not been updated.

# Not a target:
mcu/stm32f103c8t6/hal/src/stm32f1xx_ll_rcc.o:
#  Implicit rule search has not been done.
#  Modification time never checked.
#  File has not been updated.

# Not a target:
mcu/stm32f103c8t6/hal/src/stm32f1xx_hal_exti.o:
#  Implicit rule search has not been done.
#  Modification time never checked.
#  File has not been updated.

# Not a target:
mcu/stm32f103c8t6/hal/src/stm32f1xx_hal_pccard.o:
#  Implicit rule search has not been done.
#  Modification time never checked.
#  File has not been updated.

# Not a target:
mcu/stm32f103c8t6/hal/src/stm32f1xx_ll_rtc.o:
#  Implicit rule search has not been done.
#  Modification time never checked.
#  File has not been updated.

# Not a target:
mcu/stm32f103c8t6/hal/src/stm32f1xx_hal_wwdg.o:
#  Implicit rule search has not been done.
#  Modification time never checked.
#  File has not been updated.

gdb-server-st:
#  Implicit rule search has not been done.
#  Modification time never checked.
#  File has not been updated.
#  recipe to execute (from 'Makefile', line 112):
	st-util

flash: build/electric_load.bin
#  Phony target (prerequisite of .PHONY).
#  Implicit rule search has not been done.
#  File does not exist.
#  File has not been updated.
#  recipe to execute (from 'Makefile', line 103):
	st-flash write $(PROJECT).bin 0x08000000

# Not a target:
main.o:
#  Implicit rule search has not been done.
#  Modification time never checked.
#  File has not been updated.

# Not a target:
freertos/core/src/croutine.o:
#  Implicit rule search has not been done.
#  Modification time never checked.
#  File has not been updated.

# Not a target:
mcu/stm32f103c8t6/hal/src/stm32f1xx_ll_exti.o:
#  Implicit rule search has not been done.
#  Modification time never checked.
#  File has not been updated.

# Not a target:
mcu/stm32f103c8t6/hal/src/stm32f1xx_hal_flash.o:
#  Implicit rule search has not been done.
#  Modification time never checked.
#  File has not been updated.

# Not a target:
mcu/stm32f103c8t6/hal/src/stm32f1xx_hal_hcd.o:
#  Implicit rule search has not been done.
#  Modification time never checked.
#  File has not been updated.

# Not a target:
mcu/stm32f103c8t6/hal/src/stm32f1xx_hal_gpio_ex.o:
#  Implicit rule search has not been done.
#  Modification time never checked.
#  File has not been updated.
 

# Not a target:
freertos/core/src/tasks.o:
#  Implicit rule search has not been done.
#  Modification time never checked.
#  File has not been updated.

# Not a target:
mcu/stm32f103c8t6/hal/src/stm32f1xx_hal_rcc_ex.o:
#  Implicit rule search has not been done.
#  Modification time never checked.
#  File has not been updated.

# Not a target:
freertos/core/src/list.o:
#  Implicit rule search has not been done.
#  Modification time never checked.
#  File has not been updated.

# Not a target:
mcu/stm32f103c8t6/hal/src/stm32f1xx_hal_usart.o:
#  Implicit rule search has not been done.
#  Modification time never checked.
#  File has not been updated.

# Not a target:
mcu/stm32f103c8t6/hal/src/stm32f1xx_hal_rtc_ex.o:
#  Implicit rule search has not been done.
#  Modification time never checked.
#  File has not been updated.

# Not a target:
mcu/stm32f103c8t6/hal/src/stm32f1xx_hal_i2c.o:
#  Implicit rule search has not been done.
#  Modification time never checked.
#  File has not been updated.

# files hash-table stats:
# Load=85/1024=8%, Rehash=0, Collisions=18/183=10%
# VPATH Search Paths

# No 'vpath' search paths.

# No general ('VPATH' variable) search path.

# strcache buffers: 1 (0) / strings = 183 / storage = 4860 B / avg = 26 B
# current buf: size = 8162 B / used = 4860 B / count = 183 / avg = 26 B

# strcache performance: lookups = 224 / hit rate = 18%
# hash-table stats:
# Load=183/8192=2%, Rehash=0, Collisions=9/224=4%
# Finished Make data base on Mon Jun 28 23:35:33 2021

 
